<?xml version="1.0" encoding="UTF-8"?>
<testsuite name="DeliveryTest" tests="5" skipped="0" failures="0" errors="0" timestamp="2023-12-17T21:09:47" hostname="chendongs-MacBook-Pro.local" time="0.014">
  <properties/>
  <testcase name="getStartTime()" classname="DeliveryTest" time="0.01"/>
  <testcase name="getEndTime()" classname="DeliveryTest" time="0.001"/>
  <testcase name="getEndLocation()" classname="DeliveryTest" time="0.002"/>
  <testcase name="getDuration()" classname="DeliveryTest" time="0.001"/>
  <testcase name="getStartLocation()" classname="DeliveryTest" time="0.0"/>
  <system-out><![CDATA[]]></system-out>
  <system-err><![CDATA[]]></system-err>
</testsuite>
