<?xml version="1.0" encoding="UTF-8"?>
<testsuite name="TimeTest" tests="3" skipped="0" failures="0" errors="0" timestamp="2023-12-17T21:09:47" hostname="chendongs-MacBook-Pro.local" time="0.006">
  <properties/>
  <testcase name="getHour()" classname="TimeTest" time="0.001"/>
  <testcase name="getMinute()" classname="TimeTest" time="0.0"/>
  <testcase name="getSecond()" classname="TimeTest" time="0.001"/>
  <system-out><![CDATA[]]></system-out>
  <system-err><![CDATA[]]></system-err>
</testsuite>
